
Starting report solicitud_reservacion [Thu Dec 29 15:05:43 2016] ...
End report solicitud_reservacion [Thu Dec 29 15:08:14 2016].

Starting report solicitud_reservacion [Fri Dec 30 06:38:59 2016] ...
End report solicitud_reservacion [Fri Dec 30 06:39:15 2016].

Starting report solicitud_reservacion [Fri Dec 30 06:39:20 2016] ...
End report solicitud_reservacion [Fri Dec 30 06:39:31 2016].

Starting report solicitud_reservacion [Fri Dec 30 06:39:43 2016] ...
End report solicitud_reservacion [Fri Dec 30 06:39:51 2016].

Starting report solicitud_reservacion [Fri Dec 30 06:39:55 2016] ...
End report solicitud_reservacion [Fri Dec 30 06:40:10 2016].

Starting report solicitud_reservacion [Fri Dec 30 06:41:37 2016] ...
End report solicitud_reservacion [Fri Dec 30 06:41:39 2016].

Starting report solicitud_reservacion [Fri Dec 30 06:41:39 2016] ...
End report solicitud_reservacion [Fri Dec 30 06:41:44 2016].

Starting report factura [Wed Feb 22 12:58:40 2017] ...
REP-0110: Unable to open file 'C:\billing\bin\factura.rep'.
REP-1070: Error while opening or saving a document.
REP-0110: Unable to open file 'C:\billing\bin\factura.rep'.
End report factura [Wed Feb 22 12:58:40 2017].

Starting report factura [Wed Feb 22 12:58:40 2017] ...
REP-0110: Unable to open file 'C:\billing\bin\factura.rep'.
REP-1070: Error while opening or saving a document.
REP-0110: Unable to open file 'C:\billing\bin\factura.rep'.
End report factura [Wed Feb 22 12:58:40 2017].

Starting report factura [Wed Feb 22 13:01:04 2017] ...
REP-0110: Unable to open file 'C:\billing\bin\factura.rep'.
REP-1070: Error while opening or saving a document.
REP-0110: Unable to open file 'C:\billing\bin\factura.rep'.
End report factura [Wed Feb 22 13:01:04 2017].

Starting report factura [Wed Feb 22 13:01:04 2017] ...
REP-0110: Unable to open file 'C:\billing\bin\factura.rep'.
REP-1070: Error while opening or saving a document.
REP-0110: Unable to open file 'C:\billing\bin\factura.rep'.
End report factura [Wed Feb 22 13:01:04 2017].

Starting report factura [Wed Feb 22 13:04:17 2017] ...
REP-0110: Unable to open file 'C:\billing\bin\factura.rep'.
REP-1070: Error while opening or saving a document.
REP-0110: Unable to open file 'C:\billing\bin\factura.rep'.
End report factura [Wed Feb 22 13:04:17 2017].

Starting report factura [Wed Feb 22 13:04:17 2017] ...
REP-0110: Unable to open file 'C:\billing\bin\factura.rep'.
REP-1070: Error while opening or saving a document.
REP-0110: Unable to open file 'C:\billing\bin\factura.rep'.
End report factura [Wed Feb 22 13:04:17 2017].

Starting report codigo_barra [Thu Nov 30 15:36:21 2017] ...
End report codigo_barra [Thu Nov 30 15:36:28 2017].

Starting report factura [Mon Nov 12 13:10:27 2018] ...
End report factura [Mon Nov 12 13:10:36 2018].

Starting report factura [Mon Nov 12 13:10:36 2018] ...
End report factura [Mon Nov 12 13:10:38 2018].

Starting report ORDEN_COMPRA [Mon Nov 12 13:19:58 2018] ...
End report ORDEN_COMPRA [Mon Nov 12 13:20:00 2018].

Starting report ORDEN_COMPRA [Mon Nov 12 13:20:00 2018] ...
End report ORDEN_COMPRA [Mon Nov 12 13:20:00 2018].

Starting report factura [Thu Jul 11 17:18:32 2019] ...
End report factura [Thu Jul 11 17:18:45 2019].

Starting report factura [Thu Jul 11 17:18:46 2019] ...
End report factura [Thu Jul 11 17:18:51 2019].

Starting report factura [Thu Jul 11 17:20:19 2019] ...
End report factura [Thu Jul 11 17:20:23 2019].

Starting report factura [Thu Jul 11 17:20:23 2019] ...
End report factura [Thu Jul 11 17:20:24 2019].

Starting report factura [Thu Jul 11 17:20:27 2019] ...
End report factura [Thu Jul 11 17:20:37 2019].

Starting report factura [Thu Jul 11 17:20:37 2019] ...
End report factura [Thu Jul 11 17:20:38 2019].

Starting report factura [Thu Jul 11 17:22:07 2019] ...
End report factura [Thu Jul 11 17:22:10 2019].

Starting report factura [Thu Jul 11 17:22:10 2019] ...
End report factura [Thu Jul 11 17:22:10 2019].

Starting report factura_directa [Thu Jul 11 17:22:12 2019] ...
End report factura_directa [Thu Jul 11 17:22:16 2019].

Starting report factura_directa [Thu Jul 11 17:22:16 2019] ...
End report factura_directa [Thu Jul 11 17:22:17 2019].

Starting report factura_directa [Thu Jul 11 17:22:41 2019] ...
End report factura_directa [Thu Jul 11 17:22:45 2019].

Starting report factura_directa [Thu Jul 11 17:22:45 2019] ...
End report factura_directa [Thu Jul 11 17:22:45 2019].

Starting report factura_directa [Thu Jul 11 17:22:45 2019] ...
End report factura_directa [Thu Jul 11 17:22:47 2019].

Starting report factura_directa [Thu Jul 11 17:22:47 2019] ...
End report factura_directa [Thu Jul 11 17:22:47 2019].

Starting report factura_directa [Thu Jul 11 17:22:47 2019] ...
End report factura_directa [Thu Jul 11 17:22:49 2019].

Starting report factura_directa [Thu Jul 11 17:22:49 2019] ...
End report factura_directa [Thu Jul 11 17:22:49 2019].

Starting report factura_directa [Thu Jul 11 17:22:49 2019] ...
End report factura_directa [Thu Jul 11 17:22:50 2019].

Starting report factura_directa [Thu Jul 11 17:22:50 2019] ...
End report factura_directa [Thu Jul 11 17:22:51 2019].

Starting report factura_directa [Thu Jul 11 17:22:57 2019] ...
End report factura_directa [Thu Jul 11 17:22:59 2019].

Starting report factura_directa [Thu Jul 11 17:22:59 2019] ...
End report factura_directa [Thu Jul 11 17:22:59 2019].

Starting report factura_directa [Thu Jul 11 17:22:59 2019] ...
End report factura_directa [Thu Jul 11 17:23:04 2019].

Starting report factura_directa [Thu Jul 11 17:23:04 2019] ...
End report factura_directa [Thu Jul 11 17:23:04 2019].

Starting report factura_directa [Thu Jul 11 17:23:04 2019] ...
End report factura_directa [Thu Jul 11 17:23:09 2019].

Starting report factura_directa [Thu Jul 11 17:23:09 2019] ...
End report factura_directa [Thu Jul 11 17:23:09 2019].

Starting report factura_directa [Thu Jul 11 17:23:09 2019] ...
End report factura_directa [Thu Jul 11 17:23:11 2019].

Starting report factura_directa [Thu Jul 11 17:23:11 2019] ...
End report factura_directa [Thu Jul 11 17:23:11 2019].

Starting report factura_directa [Thu Jul 11 17:25:26 2019] ...
End report factura_directa [Thu Jul 11 17:25:28 2019].

Starting report factura_directa [Thu Jul 11 17:25:28 2019] ...
REP-0713: Invalid printer name 'C:\billing\reportes_pdf\FACTURA#_5262.PDF' specified by parameter DESNAME.
End report factura_directa [Thu Jul 11 17:25:30 2019].

Starting report conduce [Fri Jul 12 11:04:52 2019] ...
End report conduce [Fri Jul 12 11:20:42 2019].

Starting report conduce [Fri Jul 12 11:20:42 2019] ...
End report conduce [Fri Jul 12 11:20:42 2019].

Starting report conduce [Fri Jul 12 11:24:31 2019] ...
End report conduce [Fri Jul 12 11:31:26 2019].

Starting report conduce [Fri Jul 12 11:31:26 2019] ...
End report conduce [Fri Jul 12 11:31:26 2019].

Starting report conduce [Fri Jul 12 12:26:26 2019] ...
End report conduce [Fri Jul 12 12:27:51 2019].

Starting report conduce [Fri Jul 12 12:27:51 2019] ...
End report conduce [Fri Jul 12 12:27:51 2019].

Starting report conduce [Fri Jul 12 12:31:18 2019] ...
End report conduce [Fri Jul 12 15:19:26 2019].

Starting report conduce [Fri Jul 12 15:19:26 2019] ...
End report conduce [Fri Jul 12 15:19:29 2019].

Starting report ORDEN_COMPRA [Fri Jul 12 15:20:11 2019] ...
End report ORDEN_COMPRA [Sat Jul 13 10:57:51 2019].

Starting report ORDEN_COMPRA [Sat Jul 13 10:57:51 2019] ...
End report ORDEN_COMPRA [Sat Jul 13 10:57:51 2019].

Starting report factura [Sat Jul 13 11:00:26 2019] ...
End report factura [Sat Jul 13 11:01:42 2019].

Starting report factura [Sat Jul 13 11:01:42 2019] ...
End report factura [Sat Jul 13 11:01:42 2019].

Starting report factura [Sat Jul 13 11:04:56 2019] ...
End report factura [Sat Jul 13 11:05:24 2019].

Starting report factura [Sat Jul 13 11:05:24 2019] ...
End report factura [Sat Jul 13 11:05:25 2019].

Starting report conduce [Sat Jul 13 11:06:28 2019] ...
End report conduce [Sat Jul 13 13:04:24 2019].

Starting report conduce [Sat Jul 13 13:04:24 2019] ...
End report conduce [Sat Jul 13 13:04:24 2019].

Starting report conduce [Sat Jul 13 13:11:41 2019] ...
End report conduce [Sat Jul 13 14:24:05 2019].

Starting report conduce [Sat Jul 13 14:24:05 2019] ...
End report conduce [Sat Jul 13 14:24:05 2019].

Starting report conduce [Sat Jul 13 15:38:30 2019] ...
End report conduce [Sat Jul 13 15:39:26 2019].

Starting report conduce [Sat Jul 13 15:39:26 2019] ...
End report conduce [Sat Jul 13 15:39:27 2019].

Starting report conduce [Sat Jul 13 15:44:53 2019] ...
End report conduce [Sat Jul 13 16:25:55 2019].

Starting report conduce [Sat Jul 13 16:25:55 2019] ...
End report conduce [Sat Jul 13 16:25:55 2019].

Starting report conduce [Sat Jul 13 16:35:05 2019] ...
End report conduce [Sat Jul 13 16:35:07 2019].

Starting report conduce [Sat Jul 13 16:35:07 2019] ...
End report conduce [Sat Jul 13 16:35:07 2019].

Starting report conduce [Sat Jul 13 16:35:27 2019] ...
End report conduce [Sat Jul 13 16:47:27 2019].

Starting report conduce [Sat Jul 13 16:47:27 2019] ...
End report conduce [Sat Jul 13 16:47:28 2019].

Starting report conduce [Sat Jul 13 17:05:41 2019] ...
End report conduce [Sat Jul 13 17:12:06 2019].

Starting report conduce [Sat Jul 13 17:12:06 2019] ...
End report conduce [Sat Jul 13 17:12:06 2019].

Starting report conduce [Sat Jul 13 17:36:24 2019] ...
End report conduce [Sat Jul 13 19:41:32 2019].

Starting report conduce [Sat Jul 13 19:41:32 2019] ...
End report conduce [Sat Jul 13 19:41:32 2019].

Starting report conduce [Mon Jul 15 11:09:14 2019] ...
End report conduce [Mon Jul 15 11:23:30 2019].

Starting report conduce [Mon Jul 15 11:23:30 2019] ...
End report conduce [Mon Jul 15 11:23:30 2019].

Starting report conduce [Mon Jul 15 11:24:16 2019] ...
End report conduce [Mon Jul 15 11:25:15 2019].

Starting report conduce [Mon Jul 15 11:25:15 2019] ...
End report conduce [Mon Jul 15 11:25:15 2019].

Starting report conduce [Mon Jul 15 11:48:20 2019] ...
End report conduce [Mon Jul 15 12:50:25 2019].

Starting report conduce [Mon Jul 15 12:50:25 2019] ...
End report conduce [Mon Jul 15 12:50:26 2019].
